<?xml version="1.0" encoding="UTF-8"?>
<!-- Generated by org.testng.reporters.JUnitReportReporter -->
<testsuite hostname="Juans-MacBook-Pro-2.local" failures="0" tests="6" name="org.selenium.tests.MyFirstTest" time="25.201" errors="0" timestamp="2023-03-17T12:47:38 COT" skipped="0">
  <testcase classname="org.selenium.tests.MyFirstTest" name="successfully_Login_into_the_WebApp" time="5.359"/>
  <system-out/>
  <testcase classname="org.selenium.tests.MyFirstTest" name="successfully_Login_into_the_WebApp" time="4.853"/>
  <system-out/>
  <testcase classname="org.selenium.tests.MyFirstTest" name="failed_Login_into_the_WebApp" time="4.999"/>
  <system-out/>
  <testcase classname="org.selenium.tests.MyFirstTest" name="failed_Login_into_the_WebApp" time="3.135"/>
  <system-out/>
  <testcase classname="org.selenium.tests.MyFirstTest" name="successfully_Login_into_the_WebApp" time="3.605"/>
  <system-out/>
  <testcase classname="org.selenium.tests.MyFirstTest" name="failed_Login_into_the_WebApp" time="3.250"/>
  <system-out/>
</testsuite> <!-- org.selenium.tests.MyFirstTest -->
