<?xml version="1.0" encoding="UTF-8"?>
<!-- Generated by org.testng.reporters.JUnitReportReporter -->
<testsuite hostname="Juans-MacBook-Pro-2.local" failures="0" tests="6" name="org.selenium.tests.LoginTest" time="21.294" errors="0" timestamp="2023-03-24T15:29:08 COT" skipped="0">
  <testcase classname="org.selenium.tests.LoginTest" name="failed_Login_into_the_WebApp" time="3.169"/>
  <system-out/>
  <testcase classname="org.selenium.tests.LoginTest" name="successfully_Login_into_the_WebApp" time="4.613"/>
  <system-out/>
  <testcase classname="org.selenium.tests.LoginTest" name="successfully_Login_into_the_WebApp" time="2.916"/>
  <system-out/>
  <testcase classname="org.selenium.tests.LoginTest" name="failed_Login_into_the_WebApp" time="4.812"/>
  <system-out/>
  <testcase classname="org.selenium.tests.LoginTest" name="failed_Login_into_the_WebApp" time="2.891"/>
  <system-out/>
  <testcase classname="org.selenium.tests.LoginTest" name="successfully_Login_into_the_WebApp" time="2.893"/>
  <system-out/>
</testsuite> <!-- org.selenium.tests.LoginTest -->
