<?xml version="1.0" encoding="UTF-8"?>
<!-- Generated by org.testng.reporters.JUnitReportReporter -->
<testsuite hostname="Juans-MacBook-Pro-2.local" failures="0" tests="3" name="org.selenium.tests.ApiTest" time="17.006" errors="0" timestamp="2023-03-24T15:29:08 COT" skipped="0">
  <testcase classname="org.selenium.tests.ApiTest" name="get_Cookies_From_Browser" time="3.784"/>
  <system-out/>
  <testcase classname="org.selenium.tests.ApiTest" name="get_Cookies_From_Browser" time="5.031"/>
  <system-out/>
  <testcase classname="org.selenium.tests.ApiTest" name="get_Cookies_From_Browser" time="8.191"/>
  <system-out/>
</testsuite> <!-- org.selenium.tests.ApiTest -->
